<?xml version="1.0" encoding="UTF-8"?>
<!-- Generated by org.testng.reporters.JUnitReportReporter -->
<testsuite hostname="DuyenTran" failures="0" tests="13" name="TestKhachHang.test" time="0.442" errors="0" timestamp="2024-04-08T15:43:16 ICT" skipped="0">
  <testcase classname="TestKhachHang.test" name="updateInValidSDT" time="0.002"/>
  <system-out/>
  <testcase classname="TestKhachHang.test" name="addKHDaTonTai" time="0.022"/>
  <system-out/>
  <testcase classname="TestKhachHang.test" name="updateNull" time="0.002"/>
  <system-out/>
  <testcase classname="TestKhachHang.test" name="updateInValidGioiTinh" time="0.002"/>
  <system-out/>
  <testcase classname="TestKhachHang.test" name="addGioiTinh" time="0.085"/>
  <system-out/>
  <testcase classname="TestKhachHang.test" name="addNull" time="0.120"/>
  <system-out/>
  <testcase classname="TestKhachHang.test" name="addSoDienThoai" time="0.020"/>
  <system-out/>
  <testcase classname="TestKhachHang.test" name="deleteValid" time="0.008"/>
  <system-out/>
  <testcase classname="TestKhachHang.test" name="addSpace" time="0.111"/>
  <system-out/>
  <testcase classname="TestKhachHang.test" name="deleteNull" time="0.002"/>
  <system-out/>
  <testcase classname="TestKhachHang.test" name="updateValid" time="0.018"/>
  <system-out/>
  <testcase classname="TestKhachHang.test" name="addValid" time="0.049"/>
  <system-out/>
  <testcase classname="TestKhachHang.test" name="updateSpace" time="0.001"/>
  <system-out/>
</testsuite> <!-- TestKhachHang.test -->
