<?xml version="1.0" encoding="UTF-8"?>
<!-- Generated by org.testng.reporters.JUnitReportReporter -->
<testsuite hostname="DESKTOP-HQ42VQB" failures="0" tests="19" name="DotGiamGia.TestDotGiamGia" time="0.796" errors="0" timestamp="2024-04-08T13:17:19 ICT" skipped="0">
  <testcase classname="DotGiamGia.TestDotGiamGia" name="test_update_GiaGiamDKChuaKiTu" time="0.026"/>
  <testcase classname="DotGiamGia.TestDotGiamGia" name="test_add_GiaGiamDKChuaKiTu" time="0.030"/>
  <testcase classname="DotGiamGia.TestDotGiamGia" name="test_add_GiaGiamLonHonDieuKien" time="0.014"/>
  <testcase classname="DotGiamGia.TestDotGiamGia" name="test_add_NgayChuaKiTu" time="0.014"/>
  <testcase classname="DotGiamGia.TestDotGiamGia" name="test_update_nullBlank" time="0.119"/>
  <testcase classname="DotGiamGia.TestDotGiamGia" name="test_add_HanLonHonNam2100" time="0.014"/>
  <testcase classname="DotGiamGia.TestDotGiamGia" name="test_update_HanNhoHonNgayHTai" time="0.025"/>
  <testcase classname="DotGiamGia.TestDotGiamGia" name="test_update_MaDGGTrung" time="0.019"/>
  <testcase classname="DotGiamGia.TestDotGiamGia" name="test_add_HanNhoHonNgayHTai" time="0.028"/>
  <testcase classname="DotGiamGia.TestDotGiamGia" name="test_update_DieuKienLaAm" time="0.013"/>
  <testcase classname="DotGiamGia.TestDotGiamGia" name="test_add_DieuKienLaAm" time="0.286"/>
  <testcase classname="DotGiamGia.TestDotGiamGia" name="test_update_GiaGiamLaAm" time="0.012"/>
  <testcase classname="DotGiamGia.TestDotGiamGia" name="test_update_NgayChuaKiTu" time="0.013"/>
  <testcase classname="DotGiamGia.TestDotGiamGia" name="test_add_MaDGGTrung" time="0.016"/>
  <testcase classname="DotGiamGia.TestDotGiamGia" name="test_delete_null" time="0.001"/>
  <testcase classname="DotGiamGia.TestDotGiamGia" name="test_update_GiaGiamLonHonDieuKien" time="0.014"/>
  <testcase classname="DotGiamGia.TestDotGiamGia" name="test_add_GiaGiamLaAm" time="0.015"/>
  <testcase classname="DotGiamGia.TestDotGiamGia" name="test_add_nullBlank" time="0.122"/>
  <testcase classname="DotGiamGia.TestDotGiamGia" name="test_update_HanLonHonNam2100" time="0.015"/>
</testsuite> <!-- DotGiamGia.TestDotGiamGia -->
