<?xml version="1.0" encoding="UTF-8"?>
<!-- Generated by org.testng.reporters.JUnitReportReporter -->
<testsuite hostname="DuyenTran" failures="0" tests="13" name="TestKhachHang.test" time="0.763" errors="0" timestamp="2024-04-08T14:04:33 ICT" skipped="0">
  <testcase classname="TestKhachHang.test" name="updateSpace" time="0.107"/>
  <system-out/>
  <testcase classname="TestKhachHang.test" name="updateNull" time="0.119"/>
  <system-out/>
  <testcase classname="TestKhachHang.test" name="addKHDaTonTai" time="0.020"/>
  <system-out/>
  <testcase classname="TestKhachHang.test" name="updateInValidSDT" time="0.016"/>
  <system-out/>
  <testcase classname="TestKhachHang.test" name="addGioiTinh" time="0.095"/>
  <system-out/>
  <testcase classname="TestKhachHang.test" name="addNull" time="0.144"/>
  <system-out/>
  <testcase classname="TestKhachHang.test" name="addSoDienThoai" time="0.021"/>
  <system-out/>
  <testcase classname="TestKhachHang.test" name="deleteValid" time="0.012"/>
  <system-out/>
  <testcase classname="TestKhachHang.test" name="addSpace" time="0.126"/>
  <system-out/>
  <testcase classname="TestKhachHang.test" name="updateInValidGioiTinh" time="0.019"/>
  <system-out/>
  <testcase classname="TestKhachHang.test" name="updateValid" time="0.022"/>
  <system-out/>
  <testcase classname="TestKhachHang.test" name="deleteNull" time="0.001"/>
  <system-out/>
  <testcase classname="TestKhachHang.test" name="addValid" time="0.061"/>
  <system-out/>
</testsuite> <!-- TestKhachHang.test -->
