<?xml version="1.0" encoding="UTF-8"?>
<!-- Generated by org.testng.reporters.JUnitReportReporter -->
<testsuite hostname="LuongDuyKhai" failures="0" tests="20" name="NhanVienTest.TestNhanVienService" time="1.535" errors="0" timestamp="2024-04-08T13:43:32 ICT" skipped="0">
  <testcase classname="NhanVienTest.TestNhanVienService" name="AddngaySinhnotformat" time="0.044"/>
  <testcase classname="NhanVienTest.TestNhanVienService" name="Deletenull" time="0.000"/>
  <testcase classname="NhanVienTest.TestNhanVienService" name="AddtenDangNhapExit" time="0.035"/>
  <testcase classname="NhanVienTest.TestNhanVienService" name="AddSuccess" time="0.062"/>
  <testcase classname="NhanVienTest.TestNhanVienService" name="Updatenull" time="0.403"/>
  <testcase classname="NhanVienTest.TestNhanVienService" name="Addvaitronotformat" time="0.040"/>
  <testcase classname="NhanVienTest.TestNhanVienService" name="UpdatetenDangNhapExit" time="0.037"/>
  <testcase classname="NhanVienTest.TestNhanVienService" name="DeleteSuccess" time="0.020"/>
  <testcase classname="NhanVienTest.TestNhanVienService" name="UpdateMaNVExits" time="0.031"/>
  <testcase classname="NhanVienTest.TestNhanVienService" name="UpdategioiTinhnotformat" time="0.036"/>
  <testcase classname="NhanVienTest.TestNhanVienService" name="Addnull" time="0.399"/>
  <testcase classname="NhanVienTest.TestNhanVienService" name="AddgioiTinhnotformat" time="0.039"/>
  <testcase classname="NhanVienTest.TestNhanVienService" name="UpdatengaySinhnotformat" time="0.037"/>
  <testcase classname="NhanVienTest.TestNhanVienService" name="AddEmailnotmaches" time="0.110"/>
  <testcase classname="NhanVienTest.TestNhanVienService" name="Updatevaitronotformat" time="0.033"/>
  <testcase classname="NhanVienTest.TestNhanVienService" name="UpdateEmailnotmaches" time="0.036"/>
  <testcase classname="NhanVienTest.TestNhanVienService" name="AddPhonenotmaches" time="0.037"/>
  <testcase classname="NhanVienTest.TestNhanVienService" name="AddMaNVExits" time="0.038"/>
  <testcase classname="NhanVienTest.TestNhanVienService" name="UpdatePhonenotmaches" time="0.029"/>
  <testcase classname="NhanVienTest.TestNhanVienService" name="UpdateSuccess" time="0.069"/>
</testsuite> <!-- NhanVienTest.TestNhanVienService -->
